NOTE: Picked up JDK_JAVA_OPTIONS:  --add-opens=java.base/java.lang=ALL-UNNAMED --add-opens=java.base/java.io=ALL-UNNAMED --add-opens=java.base/java.util=ALL-UNNAMED --add-opens=java.base/java.util.concurrent=ALL-UNNAMED --add-opens=java.rmi/sun.rmi.transport=ALL-UNNAMED
25-Apr-2023 11:54:02.170 信息 [main] org.apache.catalina.startup.VersionLoggerListener.log Server.服务器版本: Apache Tomcat/8.5.88
25-Apr-2023 11:54:02.174 信息 [main] org.apache.catalina.startup.VersionLoggerListener.log 服务器构建:        Apr 14 2023 20:16:27 UTC
25-Apr-2023 11:54:02.174 信息 [main] org.apache.catalina.startup.VersionLoggerListener.log 服务器版本号:      8.5.88.0
25-Apr-2023 11:54:02.174 信息 [main] org.apache.catalina.startup.VersionLoggerListener.log 操作系统名称:      Mac OS X
25-Apr-2023 11:54:02.174 信息 [main] org.apache.catalina.startup.VersionLoggerListener.log OS.版本:           13.3.1
25-Apr-2023 11:54:02.174 信息 [main] org.apache.catalina.startup.VersionLoggerListener.log 架构:              x86_64
25-Apr-2023 11:54:02.174 信息 [main] org.apache.catalina.startup.VersionLoggerListener.log Java 环境变量:     /Library/Java/JavaVirtualMachines/jdk-20.jdk/Contents/Home
25-Apr-2023 11:54:02.175 信息 [main] org.apache.catalina.startup.VersionLoggerListener.log Java虚拟机版本:    20.0.1+9-29
25-Apr-2023 11:54:02.175 信息 [main] org.apache.catalina.startup.VersionLoggerListener.log JVM.供应商:        Oracle Corporation
25-Apr-2023 11:54:02.175 信息 [main] org.apache.catalina.startup.VersionLoggerListener.log CATALINA_BASE:     /Users/zxc/作业/软件工程/End/3-Web Server/DE部署/apache-tomcat-8.5.88
25-Apr-2023 11:54:02.175 信息 [main] org.apache.catalina.startup.VersionLoggerListener.log CATALINA_HOME:     /Users/zxc/作业/软件工程/End/3-Web Server/DE部署/apache-tomcat-8.5.88
25-Apr-2023 11:54:02.177 信息 [main] org.apache.catalina.startup.VersionLoggerListener.log 命令行参数：       --add-opens=java.base/java.lang=ALL-UNNAMED
25-Apr-2023 11:54:02.177 信息 [main] org.apache.catalina.startup.VersionLoggerListener.log 命令行参数：       --add-opens=java.base/java.io=ALL-UNNAMED
25-Apr-2023 11:54:02.177 信息 [main] org.apache.catalina.startup.VersionLoggerListener.log 命令行参数：       --add-opens=java.base/java.util=ALL-UNNAMED
25-Apr-2023 11:54:02.177 信息 [main] org.apache.catalina.startup.VersionLoggerListener.log 命令行参数：       --add-opens=java.base/java.util.concurrent=ALL-UNNAMED
25-Apr-2023 11:54:02.177 信息 [main] org.apache.catalina.startup.VersionLoggerListener.log 命令行参数：       --add-opens=java.rmi/sun.rmi.transport=ALL-UNNAMED
25-Apr-2023 11:54:02.177 信息 [main] org.apache.catalina.startup.VersionLoggerListener.log 命令行参数：       -Djava.util.logging.config.file=/Users/zxc/作业/软件工程/End/3-Web Server/DE部署/apache-tomcat-8.5.88/conf/logging.properties
25-Apr-2023 11:54:02.177 信息 [main] org.apache.catalina.startup.VersionLoggerListener.log 命令行参数：       -Djava.util.logging.manager=org.apache.juli.ClassLoaderLogManager
25-Apr-2023 11:54:02.177 信息 [main] org.apache.catalina.startup.VersionLoggerListener.log 命令行参数：       -Djdk.tls.ephemeralDHKeySize=2048
25-Apr-2023 11:54:02.177 信息 [main] org.apache.catalina.startup.VersionLoggerListener.log 命令行参数：       -Djava.protocol.handler.pkgs=org.apache.catalina.webresources
25-Apr-2023 11:54:02.178 信息 [main] org.apache.catalina.startup.VersionLoggerListener.log 命令行参数：       -Dorg.apache.catalina.security.SecurityListener.UMASK=0027
25-Apr-2023 11:54:02.178 信息 [main] org.apache.catalina.startup.VersionLoggerListener.log 命令行参数：       -Dignore.endorsed.dirs=
25-Apr-2023 11:54:02.178 信息 [main] org.apache.catalina.startup.VersionLoggerListener.log 命令行参数：       -Dcatalina.base=/Users/zxc/作业/软件工程/End/3-Web Server/DE部署/apache-tomcat-8.5.88
25-Apr-2023 11:54:02.178 信息 [main] org.apache.catalina.startup.VersionLoggerListener.log 命令行参数：       -Dcatalina.home=/Users/zxc/作业/软件工程/End/3-Web Server/DE部署/apache-tomcat-8.5.88
25-Apr-2023 11:54:02.178 信息 [main] org.apache.catalina.startup.VersionLoggerListener.log 命令行参数：       -Djava.io.tmpdir=/Users/zxc/作业/软件工程/End/3-Web Server/DE部署/apache-tomcat-8.5.88/temp
25-Apr-2023 11:54:02.179 信息 [main] org.apache.catalina.core.AprLifecycleListener.lifecycleEvent 在java.library.path:[/Users/zxc/Library/Java/Extensions:/Library/Java/Extensions:/Network/Library/Java/Extensions:/System/Library/Java/Extensions:/usr/lib/java:.]上找不到基于APR的Apache Tomcat本机库，该库允许在生产环境中获得最佳性能
25-Apr-2023 11:54:02.232 信息 [main] org.apache.coyote.AbstractProtocol.init 初始化协议处理器 ["http-nio-8080"]
25-Apr-2023 11:54:02.269 信息 [main] org.apache.catalina.startup.Catalina.load Initialization processed in 803 ms
25-Apr-2023 11:54:02.326 信息 [main] org.apache.catalina.core.StandardService.startInternal 正在启动服务[Catalina]
25-Apr-2023 11:54:02.326 信息 [main] org.apache.catalina.core.StandardEngine.startInternal 正在启动 Servlet 引擎：[Apache Tomcat/8.5.88]
25-Apr-2023 11:54:02.348 信息 [localhost-startStop-1] org.apache.catalina.startup.HostConfig.deployWAR 正在部署web应用程序存档文件[/Users/zxc/作业/软件工程/End/3-Web Server/DE部署/apache-tomcat-8.5.88/webapps/javaMavenWeb.war]
25-Apr-2023 11:54:05.102 信息 [localhost-startStop-1] org.apache.jasper.servlet.TldScanner.scanJars 至少有一个JAR被扫描用于TLD但尚未包含TLD。 为此记录器启用调试日志记录，以获取已扫描但未在其中找到TLD的完整JAR列表。 在扫描期间跳过不需要的JAR可以缩短启动时间和JSP编译时间。
25-Apr-2023 11:54:05.339 信息 [localhost-startStop-1] org.springframework.web.servlet.DispatcherServlet.initServletBean FrameworkServlet 'mvc-dispatcher': initialization started
25-Apr-2023 11:54:05.376 信息 [localhost-startStop-1] org.springframework.web.context.support.XmlWebApplicationContext.prepareRefresh Refreshing WebApplicationContext for namespace 'mvc-dispatcher-servlet': startup date [Tue Apr 25 11:54:05 CST 2023]; root of context hierarchy
25-Apr-2023 11:54:05.439 信息 [localhost-startStop-1] org.springframework.beans.factory.xml.XmlBeanDefinitionReader.loadBeanDefinitions Loading XML bean definitions from URL [file:/Users/zxc/作业/软件工程/End/3-Web%20Server/DE部署/apache-tomcat-8.5.88/webapps/javaMavenWeb/WEB-INF/classes/spring-mvc.xml]
25-Apr-2023 11:54:06.004 信息 [localhost-startStop-1] org.springframework.beans.factory.annotation.AutowiredAnnotationBeanPostProcessor.<init> JSR-330 'javax.inject.Inject' annotation found and supported for autowiring
25-Apr-2023 11:54:06.405 信息 [localhost-startStop-1] org.springframework.web.servlet.mvc.method.annotation.RequestMappingHandlerMapping.register Mapped "{[/api/runDE],methods=[POST]}" onto public double[] controller.MainController.de(java.lang.String) throws java.io.IOException
25-Apr-2023 11:54:07.136 信息 [localhost-startStop-1] org.springframework.web.servlet.mvc.method.annotation.RequestMappingHandlerAdapter.initControllerAdviceCache Looking for @ControllerAdvice: WebApplicationContext for namespace 'mvc-dispatcher-servlet': startup date [Tue Apr 25 11:54:05 CST 2023]; root of context hierarchy
25-Apr-2023 11:54:07.237 信息 [localhost-startStop-1] org.springframework.web.servlet.mvc.method.annotation.RequestMappingHandlerAdapter.initControllerAdviceCache Looking for @ControllerAdvice: WebApplicationContext for namespace 'mvc-dispatcher-servlet': startup date [Tue Apr 25 11:54:05 CST 2023]; root of context hierarchy
25-Apr-2023 11:54:07.437 信息 [localhost-startStop-1] org.springframework.web.servlet.DispatcherServlet.initServletBean FrameworkServlet 'mvc-dispatcher': initialization completed in 2098 ms
25-Apr-2023 11:54:07.452 信息 [localhost-startStop-1] org.apache.catalina.startup.HostConfig.deployWAR web应用程序存档文件[/Users/zxc/作业/软件工程/End/3-Web Server/DE部署/apache-tomcat-8.5.88/webapps/javaMavenWeb.war]的部署已在[5,101]ms内完成
25-Apr-2023 11:54:07.453 信息 [localhost-startStop-1] org.apache.catalina.startup.HostConfig.deployDirectory 把web 应用程序部署到目录 [/Users/zxc/作业/软件工程/End/3-Web Server/DE部署/apache-tomcat-8.5.88/webapps/docs]
25-Apr-2023 11:54:07.482 信息 [localhost-startStop-1] org.apache.catalina.startup.HostConfig.deployDirectory Web应用程序目录[/Users/zxc/作业/软件工程/End/3-Web Server/DE部署/apache-tomcat-8.5.88/webapps/docs]的部署已在[29]毫秒内完成
25-Apr-2023 11:54:07.483 信息 [localhost-startStop-1] org.apache.catalina.startup.HostConfig.deployDirectory 把web 应用程序部署到目录 [/Users/zxc/作业/软件工程/End/3-Web Server/DE部署/apache-tomcat-8.5.88/webapps/manager]
25-Apr-2023 11:54:07.533 信息 [localhost-startStop-1] org.apache.catalina.startup.HostConfig.deployDirectory Web应用程序目录[/Users/zxc/作业/软件工程/End/3-Web Server/DE部署/apache-tomcat-8.5.88/webapps/manager]的部署已在[50]毫秒内完成
25-Apr-2023 11:54:07.533 信息 [localhost-startStop-1] org.apache.catalina.startup.HostConfig.deployDirectory 把web 应用程序部署到目录 [/Users/zxc/作业/软件工程/End/3-Web Server/DE部署/apache-tomcat-8.5.88/webapps/examples]
25-Apr-2023 11:54:07.819 信息 [localhost-startStop-1] org.apache.catalina.startup.HostConfig.deployDirectory Web应用程序目录[/Users/zxc/作业/软件工程/End/3-Web Server/DE部署/apache-tomcat-8.5.88/webapps/examples]的部署已在[286]毫秒内完成
25-Apr-2023 11:54:07.820 信息 [localhost-startStop-1] org.apache.catalina.startup.HostConfig.deployDirectory 把web 应用程序部署到目录 [/Users/zxc/作业/软件工程/End/3-Web Server/DE部署/apache-tomcat-8.5.88/webapps/ROOT]
25-Apr-2023 11:54:07.842 信息 [localhost-startStop-1] org.apache.catalina.startup.HostConfig.deployDirectory Web应用程序目录[/Users/zxc/作业/软件工程/End/3-Web Server/DE部署/apache-tomcat-8.5.88/webapps/ROOT]的部署已在[22]毫秒内完成
25-Apr-2023 11:54:07.842 信息 [localhost-startStop-1] org.apache.catalina.startup.HostConfig.deployDirectory 把web 应用程序部署到目录 [/Users/zxc/作业/软件工程/End/3-Web Server/DE部署/apache-tomcat-8.5.88/webapps/host-manager]
25-Apr-2023 11:54:07.872 信息 [localhost-startStop-1] org.apache.catalina.startup.HostConfig.deployDirectory Web应用程序目录[/Users/zxc/作业/软件工程/End/3-Web Server/DE部署/apache-tomcat-8.5.88/webapps/host-manager]的部署已在[30]毫秒内完成
25-Apr-2023 11:54:07.874 信息 [main] org.apache.coyote.AbstractProtocol.start 开始协议处理句柄["http-nio-8080"]
25-Apr-2023 11:54:07.890 信息 [main] org.apache.catalina.startup.Catalina.start Server startup in 5619 ms
25-Apr-2023 11:56:32.820 信息 [main] org.apache.catalina.core.StandardServer.await 通过关闭端口接收到有效的关闭命令。正在停止服务器实例。
25-Apr-2023 11:56:32.821 信息 [main] org.apache.coyote.AbstractProtocol.pause 暂停ProtocolHandler["http-nio-8080"]
25-Apr-2023 11:56:32.826 信息 [main] org.apache.catalina.core.StandardService.stopInternal 正在停止服务[Catalina]
25-Apr-2023 11:56:32.846 信息 [localhost-startStop-2] org.springframework.web.context.support.XmlWebApplicationContext.doClose Closing WebApplicationContext for namespace 'mvc-dispatcher-servlet': startup date [Tue Apr 25 11:54:05 CST 2023]; root of context hierarchy
25-Apr-2023 11:56:32.855 信息 [main] org.apache.coyote.AbstractProtocol.stop 正在停止ProtocolHandler ["http-nio-8080"]
25-Apr-2023 11:56:32.860 信息 [main] org.apache.coyote.AbstractProtocol.destroy 正在摧毁协议处理器 ["http-nio-8080"]
NOTE: Picked up JDK_JAVA_OPTIONS:  --add-opens=java.base/java.lang=ALL-UNNAMED --add-opens=java.base/java.io=ALL-UNNAMED --add-opens=java.base/java.util=ALL-UNNAMED --add-opens=java.base/java.util.concurrent=ALL-UNNAMED --add-opens=java.rmi/sun.rmi.transport=ALL-UNNAMED
25-Apr-2023 12:03:50.839 信息 [main] org.apache.catalina.startup.VersionLoggerListener.log Server.服务器版本: Apache Tomcat/8.5.88
25-Apr-2023 12:03:50.842 信息 [main] org.apache.catalina.startup.VersionLoggerListener.log 服务器构建:        Apr 14 2023 20:16:27 UTC
25-Apr-2023 12:03:50.843 信息 [main] org.apache.catalina.startup.VersionLoggerListener.log 服务器版本号:      8.5.88.0
25-Apr-2023 12:03:50.843 信息 [main] org.apache.catalina.startup.VersionLoggerListener.log 操作系统名称:      Mac OS X
25-Apr-2023 12:03:50.843 信息 [main] org.apache.catalina.startup.VersionLoggerListener.log OS.版本:           13.3.1
25-Apr-2023 12:03:50.843 信息 [main] org.apache.catalina.startup.VersionLoggerListener.log 架构:              x86_64
25-Apr-2023 12:03:50.843 信息 [main] org.apache.catalina.startup.VersionLoggerListener.log Java 环境变量:     /Library/Java/JavaVirtualMachines/jdk-20.jdk/Contents/Home
25-Apr-2023 12:03:50.843 信息 [main] org.apache.catalina.startup.VersionLoggerListener.log Java虚拟机版本:    20.0.1+9-29
25-Apr-2023 12:03:50.844 信息 [main] org.apache.catalina.startup.VersionLoggerListener.log JVM.供应商:        Oracle Corporation
25-Apr-2023 12:03:50.844 信息 [main] org.apache.catalina.startup.VersionLoggerListener.log CATALINA_BASE:     /Users/zxc/作业/软件工程/End/3-Web Server/DE部署/apache-tomcat-8.5.88
25-Apr-2023 12:03:50.844 信息 [main] org.apache.catalina.startup.VersionLoggerListener.log CATALINA_HOME:     /Users/zxc/作业/软件工程/End/3-Web Server/DE部署/apache-tomcat-8.5.88
25-Apr-2023 12:03:50.845 信息 [main] org.apache.catalina.startup.VersionLoggerListener.log 命令行参数：       --add-opens=java.base/java.lang=ALL-UNNAMED
25-Apr-2023 12:03:50.845 信息 [main] org.apache.catalina.startup.VersionLoggerListener.log 命令行参数：       --add-opens=java.base/java.io=ALL-UNNAMED
25-Apr-2023 12:03:50.845 信息 [main] org.apache.catalina.startup.VersionLoggerListener.log 命令行参数：       --add-opens=java.base/java.util=ALL-UNNAMED
25-Apr-2023 12:03:50.846 信息 [main] org.apache.catalina.startup.VersionLoggerListener.log 命令行参数：       --add-opens=java.base/java.util.concurrent=ALL-UNNAMED
25-Apr-2023 12:03:50.846 信息 [main] org.apache.catalina.startup.VersionLoggerListener.log 命令行参数：       --add-opens=java.rmi/sun.rmi.transport=ALL-UNNAMED
25-Apr-2023 12:03:50.846 信息 [main] org.apache.catalina.startup.VersionLoggerListener.log 命令行参数：       -Djava.util.logging.config.file=/Users/zxc/作业/软件工程/End/3-Web Server/DE部署/apache-tomcat-8.5.88/conf/logging.properties
25-Apr-2023 12:03:50.846 信息 [main] org.apache.catalina.startup.VersionLoggerListener.log 命令行参数：       -Djava.util.logging.manager=org.apache.juli.ClassLoaderLogManager
25-Apr-2023 12:03:50.846 信息 [main] org.apache.catalina.startup.VersionLoggerListener.log 命令行参数：       -Djdk.tls.ephemeralDHKeySize=2048
25-Apr-2023 12:03:50.846 信息 [main] org.apache.catalina.startup.VersionLoggerListener.log 命令行参数：       -Djava.protocol.handler.pkgs=org.apache.catalina.webresources
25-Apr-2023 12:03:50.847 信息 [main] org.apache.catalina.startup.VersionLoggerListener.log 命令行参数：       -Dorg.apache.catalina.security.SecurityListener.UMASK=0027
25-Apr-2023 12:03:50.847 信息 [main] org.apache.catalina.startup.VersionLoggerListener.log 命令行参数：       -Dignore.endorsed.dirs=
25-Apr-2023 12:03:50.847 信息 [main] org.apache.catalina.startup.VersionLoggerListener.log 命令行参数：       -Dcatalina.base=/Users/zxc/作业/软件工程/End/3-Web Server/DE部署/apache-tomcat-8.5.88
25-Apr-2023 12:03:50.847 信息 [main] org.apache.catalina.startup.VersionLoggerListener.log 命令行参数：       -Dcatalina.home=/Users/zxc/作业/软件工程/End/3-Web Server/DE部署/apache-tomcat-8.5.88
25-Apr-2023 12:03:50.847 信息 [main] org.apache.catalina.startup.VersionLoggerListener.log 命令行参数：       -Djava.io.tmpdir=/Users/zxc/作业/软件工程/End/3-Web Server/DE部署/apache-tomcat-8.5.88/temp
25-Apr-2023 12:03:50.848 信息 [main] org.apache.catalina.core.AprLifecycleListener.lifecycleEvent 在java.library.path:[/Users/zxc/Library/Java/Extensions:/Library/Java/Extensions:/Network/Library/Java/Extensions:/System/Library/Java/Extensions:/usr/lib/java:.]上找不到基于APR的Apache Tomcat本机库，该库允许在生产环境中获得最佳性能
25-Apr-2023 12:03:50.896 信息 [main] org.apache.coyote.AbstractProtocol.init 初始化协议处理器 ["http-nio-8080"]
25-Apr-2023 12:03:50.929 信息 [main] org.apache.catalina.startup.Catalina.load Initialization processed in 701 ms
25-Apr-2023 12:03:50.973 信息 [main] org.apache.catalina.core.StandardService.startInternal 正在启动服务[Catalina]
25-Apr-2023 12:03:50.973 信息 [main] org.apache.catalina.core.StandardEngine.startInternal 正在启动 Servlet 引擎：[Apache Tomcat/8.5.88]
25-Apr-2023 12:03:50.994 信息 [localhost-startStop-1] org.apache.catalina.startup.HostConfig.deployWAR 正在部署web应用程序存档文件[/Users/zxc/作业/软件工程/End/3-Web Server/DE部署/apache-tomcat-8.5.88/webapps/javaMavenWeb.war]
25-Apr-2023 12:03:53.688 信息 [localhost-startStop-1] org.apache.jasper.servlet.TldScanner.scanJars 至少有一个JAR被扫描用于TLD但尚未包含TLD。 为此记录器启用调试日志记录，以获取已扫描但未在其中找到TLD的完整JAR列表。 在扫描期间跳过不需要的JAR可以缩短启动时间和JSP编译时间。
25-Apr-2023 12:03:53.906 信息 [localhost-startStop-1] org.springframework.web.servlet.DispatcherServlet.initServletBean FrameworkServlet 'mvc-dispatcher': initialization started
25-Apr-2023 12:03:53.946 信息 [localhost-startStop-1] org.springframework.web.context.support.XmlWebApplicationContext.prepareRefresh Refreshing WebApplicationContext for namespace 'mvc-dispatcher-servlet': startup date [Tue Apr 25 12:03:53 CST 2023]; root of context hierarchy
25-Apr-2023 12:03:54.014 信息 [localhost-startStop-1] org.springframework.beans.factory.xml.XmlBeanDefinitionReader.loadBeanDefinitions Loading XML bean definitions from URL [file:/Users/zxc/作业/软件工程/End/3-Web%20Server/DE部署/apache-tomcat-8.5.88/webapps/javaMavenWeb/WEB-INF/classes/spring-mvc.xml]
25-Apr-2023 12:03:54.630 信息 [localhost-startStop-1] org.springframework.beans.factory.annotation.AutowiredAnnotationBeanPostProcessor.<init> JSR-330 'javax.inject.Inject' annotation found and supported for autowiring
25-Apr-2023 12:03:55.047 信息 [localhost-startStop-1] org.springframework.web.servlet.mvc.method.annotation.RequestMappingHandlerMapping.register Mapped "{[/api/runDE],methods=[POST]}" onto public double[] controller.MainController.de(java.lang.String) throws java.io.IOException
25-Apr-2023 12:03:55.820 信息 [localhost-startStop-1] org.springframework.web.servlet.mvc.method.annotation.RequestMappingHandlerAdapter.initControllerAdviceCache Looking for @ControllerAdvice: WebApplicationContext for namespace 'mvc-dispatcher-servlet': startup date [Tue Apr 25 12:03:53 CST 2023]; root of context hierarchy
25-Apr-2023 12:03:55.924 信息 [localhost-startStop-1] org.springframework.web.servlet.mvc.method.annotation.RequestMappingHandlerAdapter.initControllerAdviceCache Looking for @ControllerAdvice: WebApplicationContext for namespace 'mvc-dispatcher-servlet': startup date [Tue Apr 25 12:03:53 CST 2023]; root of context hierarchy
25-Apr-2023 12:03:56.124 信息 [localhost-startStop-1] org.springframework.web.servlet.DispatcherServlet.initServletBean FrameworkServlet 'mvc-dispatcher': initialization completed in 2218 ms
25-Apr-2023 12:03:56.140 信息 [localhost-startStop-1] org.apache.catalina.startup.HostConfig.deployWAR web应用程序存档文件[/Users/zxc/作业/软件工程/End/3-Web Server/DE部署/apache-tomcat-8.5.88/webapps/javaMavenWeb.war]的部署已在[5,142]ms内完成
25-Apr-2023 12:03:56.142 信息 [localhost-startStop-1] org.apache.catalina.startup.HostConfig.deployDirectory 把web 应用程序部署到目录 [/Users/zxc/作业/软件工程/End/3-Web Server/DE部署/apache-tomcat-8.5.88/webapps/docs]
25-Apr-2023 12:03:56.171 信息 [localhost-startStop-1] org.apache.catalina.startup.HostConfig.deployDirectory Web应用程序目录[/Users/zxc/作业/软件工程/End/3-Web Server/DE部署/apache-tomcat-8.5.88/webapps/docs]的部署已在[29]毫秒内完成
25-Apr-2023 12:03:56.172 信息 [localhost-startStop-1] org.apache.catalina.startup.HostConfig.deployDirectory 把web 应用程序部署到目录 [/Users/zxc/作业/软件工程/End/3-Web Server/DE部署/apache-tomcat-8.5.88/webapps/manager]
25-Apr-2023 12:03:56.223 信息 [localhost-startStop-1] org.apache.catalina.startup.HostConfig.deployDirectory Web应用程序目录[/Users/zxc/作业/软件工程/End/3-Web Server/DE部署/apache-tomcat-8.5.88/webapps/manager]的部署已在[50]毫秒内完成
25-Apr-2023 12:03:56.223 信息 [localhost-startStop-1] org.apache.catalina.startup.HostConfig.deployDirectory 把web 应用程序部署到目录 [/Users/zxc/作业/软件工程/End/3-Web Server/DE部署/apache-tomcat-8.5.88/webapps/examples]
25-Apr-2023 12:03:56.495 信息 [localhost-startStop-1] org.apache.catalina.startup.HostConfig.deployDirectory Web应用程序目录[/Users/zxc/作业/软件工程/End/3-Web Server/DE部署/apache-tomcat-8.5.88/webapps/examples]的部署已在[272]毫秒内完成
25-Apr-2023 12:03:56.495 信息 [localhost-startStop-1] org.apache.catalina.startup.HostConfig.deployDirectory 把web 应用程序部署到目录 [/Users/zxc/作业/软件工程/End/3-Web Server/DE部署/apache-tomcat-8.5.88/webapps/ROOT]
25-Apr-2023 12:03:56.517 信息 [localhost-startStop-1] org.apache.catalina.startup.HostConfig.deployDirectory Web应用程序目录[/Users/zxc/作业/软件工程/End/3-Web Server/DE部署/apache-tomcat-8.5.88/webapps/ROOT]的部署已在[22]毫秒内完成
25-Apr-2023 12:03:56.517 信息 [localhost-startStop-1] org.apache.catalina.startup.HostConfig.deployDirectory 把web 应用程序部署到目录 [/Users/zxc/作业/软件工程/End/3-Web Server/DE部署/apache-tomcat-8.5.88/webapps/host-manager]
25-Apr-2023 12:03:56.541 信息 [localhost-startStop-1] org.apache.catalina.startup.HostConfig.deployDirectory Web应用程序目录[/Users/zxc/作业/软件工程/End/3-Web Server/DE部署/apache-tomcat-8.5.88/webapps/host-manager]的部署已在[24]毫秒内完成
25-Apr-2023 12:03:56.543 信息 [main] org.apache.coyote.AbstractProtocol.start 开始协议处理句柄["http-nio-8080"]
25-Apr-2023 12:03:56.564 信息 [main] org.apache.catalina.startup.Catalina.start Server startup in 5633 ms
25-Apr-2023 12:05:50.780 信息 [main] org.apache.catalina.core.StandardServer.await 通过关闭端口接收到有效的关闭命令。正在停止服务器实例。
25-Apr-2023 12:05:50.781 信息 [main] org.apache.coyote.AbstractProtocol.pause 暂停ProtocolHandler["http-nio-8080"]
25-Apr-2023 12:05:50.787 信息 [main] org.apache.catalina.core.StandardService.stopInternal 正在停止服务[Catalina]
25-Apr-2023 12:05:50.809 信息 [localhost-startStop-2] org.springframework.web.context.support.XmlWebApplicationContext.doClose Closing WebApplicationContext for namespace 'mvc-dispatcher-servlet': startup date [Tue Apr 25 12:03:53 CST 2023]; root of context hierarchy
25-Apr-2023 12:05:50.818 信息 [main] org.apache.coyote.AbstractProtocol.stop 正在停止ProtocolHandler ["http-nio-8080"]
25-Apr-2023 12:05:50.835 信息 [main] org.apache.coyote.AbstractProtocol.destroy 正在摧毁协议处理器 ["http-nio-8080"]
NOTE: Picked up JDK_JAVA_OPTIONS:  --add-opens=java.base/java.lang=ALL-UNNAMED --add-opens=java.base/java.io=ALL-UNNAMED --add-opens=java.base/java.util=ALL-UNNAMED --add-opens=java.base/java.util.concurrent=ALL-UNNAMED --add-opens=java.rmi/sun.rmi.transport=ALL-UNNAMED
25-Apr-2023 12:07:04.705 信息 [main] org.apache.catalina.startup.VersionLoggerListener.log Server.服务器版本: Apache Tomcat/8.5.88
25-Apr-2023 12:07:04.708 信息 [main] org.apache.catalina.startup.VersionLoggerListener.log 服务器构建:        Apr 14 2023 20:16:27 UTC
25-Apr-2023 12:07:04.708 信息 [main] org.apache.catalina.startup.VersionLoggerListener.log 服务器版本号:      8.5.88.0
25-Apr-2023 12:07:04.708 信息 [main] org.apache.catalina.startup.VersionLoggerListener.log 操作系统名称:      Mac OS X
25-Apr-2023 12:07:04.708 信息 [main] org.apache.catalina.startup.VersionLoggerListener.log OS.版本:           13.3.1
25-Apr-2023 12:07:04.709 信息 [main] org.apache.catalina.startup.VersionLoggerListener.log 架构:              x86_64
25-Apr-2023 12:07:04.709 信息 [main] org.apache.catalina.startup.VersionLoggerListener.log Java 环境变量:     /Library/Java/JavaVirtualMachines/jdk-20.jdk/Contents/Home
25-Apr-2023 12:07:04.709 信息 [main] org.apache.catalina.startup.VersionLoggerListener.log Java虚拟机版本:    20.0.1+9-29
25-Apr-2023 12:07:04.709 信息 [main] org.apache.catalina.startup.VersionLoggerListener.log JVM.供应商:        Oracle Corporation
25-Apr-2023 12:07:04.709 信息 [main] org.apache.catalina.startup.VersionLoggerListener.log CATALINA_BASE:     /Users/zxc/作业/软件工程/End/3-Web Server/DE部署/apache-tomcat-8.5.88
25-Apr-2023 12:07:04.709 信息 [main] org.apache.catalina.startup.VersionLoggerListener.log CATALINA_HOME:     /Users/zxc/作业/软件工程/End/3-Web Server/DE部署/apache-tomcat-8.5.88
25-Apr-2023 12:07:04.710 信息 [main] org.apache.catalina.startup.VersionLoggerListener.log 命令行参数：       --add-opens=java.base/java.lang=ALL-UNNAMED
25-Apr-2023 12:07:04.710 信息 [main] org.apache.catalina.startup.VersionLoggerListener.log 命令行参数：       --add-opens=java.base/java.io=ALL-UNNAMED
25-Apr-2023 12:07:04.710 信息 [main] org.apache.catalina.startup.VersionLoggerListener.log 命令行参数：       --add-opens=java.base/java.util=ALL-UNNAMED
25-Apr-2023 12:07:04.711 信息 [main] org.apache.catalina.startup.VersionLoggerListener.log 命令行参数：       --add-opens=java.base/java.util.concurrent=ALL-UNNAMED
25-Apr-2023 12:07:04.711 信息 [main] org.apache.catalina.startup.VersionLoggerListener.log 命令行参数：       --add-opens=java.rmi/sun.rmi.transport=ALL-UNNAMED
25-Apr-2023 12:07:04.711 信息 [main] org.apache.catalina.startup.VersionLoggerListener.log 命令行参数：       -Djava.util.logging.config.file=/Users/zxc/作业/软件工程/End/3-Web Server/DE部署/apache-tomcat-8.5.88/conf/logging.properties
25-Apr-2023 12:07:04.711 信息 [main] org.apache.catalina.startup.VersionLoggerListener.log 命令行参数：       -Djava.util.logging.manager=org.apache.juli.ClassLoaderLogManager
25-Apr-2023 12:07:04.711 信息 [main] org.apache.catalina.startup.VersionLoggerListener.log 命令行参数：       -Djdk.tls.ephemeralDHKeySize=2048
25-Apr-2023 12:07:04.711 信息 [main] org.apache.catalina.startup.VersionLoggerListener.log 命令行参数：       -Djava.protocol.handler.pkgs=org.apache.catalina.webresources
25-Apr-2023 12:07:04.711 信息 [main] org.apache.catalina.startup.VersionLoggerListener.log 命令行参数：       -Dorg.apache.catalina.security.SecurityListener.UMASK=0027
25-Apr-2023 12:07:04.711 信息 [main] org.apache.catalina.startup.VersionLoggerListener.log 命令行参数：       -Dignore.endorsed.dirs=
25-Apr-2023 12:07:04.711 信息 [main] org.apache.catalina.startup.VersionLoggerListener.log 命令行参数：       -Dcatalina.base=/Users/zxc/作业/软件工程/End/3-Web Server/DE部署/apache-tomcat-8.5.88
25-Apr-2023 12:07:04.711 信息 [main] org.apache.catalina.startup.VersionLoggerListener.log 命令行参数：       -Dcatalina.home=/Users/zxc/作业/软件工程/End/3-Web Server/DE部署/apache-tomcat-8.5.88
25-Apr-2023 12:07:04.712 信息 [main] org.apache.catalina.startup.VersionLoggerListener.log 命令行参数：       -Djava.io.tmpdir=/Users/zxc/作业/软件工程/End/3-Web Server/DE部署/apache-tomcat-8.5.88/temp
25-Apr-2023 12:07:04.712 信息 [main] org.apache.catalina.core.AprLifecycleListener.lifecycleEvent 在java.library.path:[/Users/zxc/Library/Java/Extensions:/Library/Java/Extensions:/Network/Library/Java/Extensions:/System/Library/Java/Extensions:/usr/lib/java:.]上找不到基于APR的Apache Tomcat本机库，该库允许在生产环境中获得最佳性能
25-Apr-2023 12:07:04.758 信息 [main] org.apache.coyote.AbstractProtocol.init 初始化协议处理器 ["http-nio-8080"]
25-Apr-2023 12:07:04.793 信息 [main] org.apache.catalina.startup.Catalina.load Initialization processed in 711 ms
25-Apr-2023 12:07:04.843 信息 [main] org.apache.catalina.core.StandardService.startInternal 正在启动服务[Catalina]
25-Apr-2023 12:07:04.843 信息 [main] org.apache.catalina.core.StandardEngine.startInternal 正在启动 Servlet 引擎：[Apache Tomcat/8.5.88]
25-Apr-2023 12:07:04.866 信息 [localhost-startStop-1] org.apache.catalina.startup.HostConfig.deployWAR 正在部署web应用程序存档文件[/Users/zxc/作业/软件工程/End/3-Web Server/DE部署/apache-tomcat-8.5.88/webapps/javaMavenWeb.war]
25-Apr-2023 12:07:07.605 信息 [localhost-startStop-1] org.apache.jasper.servlet.TldScanner.scanJars 至少有一个JAR被扫描用于TLD但尚未包含TLD。 为此记录器启用调试日志记录，以获取已扫描但未在其中找到TLD的完整JAR列表。 在扫描期间跳过不需要的JAR可以缩短启动时间和JSP编译时间。
25-Apr-2023 12:07:07.843 信息 [localhost-startStop-1] org.springframework.web.servlet.DispatcherServlet.initServletBean FrameworkServlet 'mvc-dispatcher': initialization started
25-Apr-2023 12:07:07.883 信息 [localhost-startStop-1] org.springframework.web.context.support.XmlWebApplicationContext.prepareRefresh Refreshing WebApplicationContext for namespace 'mvc-dispatcher-servlet': startup date [Tue Apr 25 12:07:07 CST 2023]; root of context hierarchy
25-Apr-2023 12:07:07.946 信息 [localhost-startStop-1] org.springframework.beans.factory.xml.XmlBeanDefinitionReader.loadBeanDefinitions Loading XML bean definitions from URL [file:/Users/zxc/作业/软件工程/End/3-Web%20Server/DE部署/apache-tomcat-8.5.88/webapps/javaMavenWeb/WEB-INF/classes/spring-mvc.xml]
25-Apr-2023 12:07:08.467 信息 [localhost-startStop-1] org.springframework.beans.factory.annotation.AutowiredAnnotationBeanPostProcessor.<init> JSR-330 'javax.inject.Inject' annotation found and supported for autowiring
25-Apr-2023 12:07:08.900 信息 [localhost-startStop-1] org.springframework.web.servlet.mvc.method.annotation.RequestMappingHandlerMapping.register Mapped "{[/api/runDE],methods=[POST]}" onto public double[] controller.MainController.de(java.lang.String) throws java.io.IOException
25-Apr-2023 12:07:09.635 信息 [localhost-startStop-1] org.springframework.web.servlet.mvc.method.annotation.RequestMappingHandlerAdapter.initControllerAdviceCache Looking for @ControllerAdvice: WebApplicationContext for namespace 'mvc-dispatcher-servlet': startup date [Tue Apr 25 12:07:07 CST 2023]; root of context hierarchy
25-Apr-2023 12:07:09.739 信息 [localhost-startStop-1] org.springframework.web.servlet.mvc.method.annotation.RequestMappingHandlerAdapter.initControllerAdviceCache Looking for @ControllerAdvice: WebApplicationContext for namespace 'mvc-dispatcher-servlet': startup date [Tue Apr 25 12:07:07 CST 2023]; root of context hierarchy
25-Apr-2023 12:07:09.932 信息 [localhost-startStop-1] org.springframework.web.servlet.DispatcherServlet.initServletBean FrameworkServlet 'mvc-dispatcher': initialization completed in 2088 ms
25-Apr-2023 12:07:09.947 信息 [localhost-startStop-1] org.apache.catalina.startup.HostConfig.deployWAR web应用程序存档文件[/Users/zxc/作业/软件工程/End/3-Web Server/DE部署/apache-tomcat-8.5.88/webapps/javaMavenWeb.war]的部署已在[5,078]ms内完成
25-Apr-2023 12:07:09.948 信息 [localhost-startStop-1] org.apache.catalina.startup.HostConfig.deployDirectory 把web 应用程序部署到目录 [/Users/zxc/作业/软件工程/End/3-Web Server/DE部署/apache-tomcat-8.5.88/webapps/docs]
25-Apr-2023 12:07:09.976 信息 [localhost-startStop-1] org.apache.catalina.startup.HostConfig.deployDirectory Web应用程序目录[/Users/zxc/作业/软件工程/End/3-Web Server/DE部署/apache-tomcat-8.5.88/webapps/docs]的部署已在[28]毫秒内完成
25-Apr-2023 12:07:09.977 信息 [localhost-startStop-1] org.apache.catalina.startup.HostConfig.deployDirectory 把web 应用程序部署到目录 [/Users/zxc/作业/软件工程/End/3-Web Server/DE部署/apache-tomcat-8.5.88/webapps/manager]
25-Apr-2023 12:07:10.030 信息 [localhost-startStop-1] org.apache.catalina.startup.HostConfig.deployDirectory Web应用程序目录[/Users/zxc/作业/软件工程/End/3-Web Server/DE部署/apache-tomcat-8.5.88/webapps/manager]的部署已在[52]毫秒内完成
25-Apr-2023 12:07:10.030 信息 [localhost-startStop-1] org.apache.catalina.startup.HostConfig.deployDirectory 把web 应用程序部署到目录 [/Users/zxc/作业/软件工程/End/3-Web Server/DE部署/apache-tomcat-8.5.88/webapps/examples]
25-Apr-2023 12:07:10.286 信息 [localhost-startStop-1] org.apache.catalina.startup.HostConfig.deployDirectory Web应用程序目录[/Users/zxc/作业/软件工程/End/3-Web Server/DE部署/apache-tomcat-8.5.88/webapps/examples]的部署已在[255]毫秒内完成
25-Apr-2023 12:07:10.286 信息 [localhost-startStop-1] org.apache.catalina.startup.HostConfig.deployDirectory 把web 应用程序部署到目录 [/Users/zxc/作业/软件工程/End/3-Web Server/DE部署/apache-tomcat-8.5.88/webapps/ROOT]
25-Apr-2023 12:07:10.305 信息 [localhost-startStop-1] org.apache.catalina.startup.HostConfig.deployDirectory Web应用程序目录[/Users/zxc/作业/软件工程/End/3-Web Server/DE部署/apache-tomcat-8.5.88/webapps/ROOT]的部署已在[19]毫秒内完成
25-Apr-2023 12:07:10.305 信息 [localhost-startStop-1] org.apache.catalina.startup.HostConfig.deployDirectory 把web 应用程序部署到目录 [/Users/zxc/作业/软件工程/End/3-Web Server/DE部署/apache-tomcat-8.5.88/webapps/host-manager]
25-Apr-2023 12:07:10.328 信息 [localhost-startStop-1] org.apache.catalina.startup.HostConfig.deployDirectory Web应用程序目录[/Users/zxc/作业/软件工程/End/3-Web Server/DE部署/apache-tomcat-8.5.88/webapps/host-manager]的部署已在[23]毫秒内完成
25-Apr-2023 12:07:10.330 信息 [main] org.apache.coyote.AbstractProtocol.start 开始协议处理句柄["http-nio-8080"]
25-Apr-2023 12:07:10.346 信息 [main] org.apache.catalina.startup.Catalina.start Server startup in 5551 ms
25-Apr-2023 12:09:22.299 信息 [main] org.apache.catalina.core.StandardServer.await 通过关闭端口接收到有效的关闭命令。正在停止服务器实例。
25-Apr-2023 12:09:22.300 信息 [main] org.apache.coyote.AbstractProtocol.pause 暂停ProtocolHandler["http-nio-8080"]
25-Apr-2023 12:09:22.305 信息 [main] org.apache.catalina.core.StandardService.stopInternal 正在停止服务[Catalina]
25-Apr-2023 12:09:22.326 信息 [localhost-startStop-2] org.springframework.web.context.support.XmlWebApplicationContext.doClose Closing WebApplicationContext for namespace 'mvc-dispatcher-servlet': startup date [Tue Apr 25 12:07:07 CST 2023]; root of context hierarchy
25-Apr-2023 12:09:22.335 信息 [main] org.apache.coyote.AbstractProtocol.stop 正在停止ProtocolHandler ["http-nio-8080"]
25-Apr-2023 12:09:22.342 信息 [main] org.apache.coyote.AbstractProtocol.destroy 正在摧毁协议处理器 ["http-nio-8080"]
